<?xml version="1.0" encoding="UTF-8"?>
<!-- Generated by org.testng.reporters.JUnitReportReporter -->
<testsuite hostname="vshl-PC" name="com.mycompany.trafficSignal.RoadTest" tests="3" failures="0" timestamp="19 Jul 2015 17:00:59 GMT" time="0.547" errors="0">
  <testcase name="shouldMoveVehiclesOnGreenSignalAfterRed" time="0.154" classname="com.mycompany.trafficSignal.RoadTest"/>
  <testcase name="shouldStopVehiclesOnRed" time="0.055" classname="com.mycompany.trafficSignal.RoadTest"/>
  <testcase name="shouldMoveVehiclesOnGreenSignal" time="0.338" classname="com.mycompany.trafficSignal.RoadTest"/>
</testsuite> <!-- com.mycompany.trafficSignal.RoadTest -->
