<?xml version="1.0" encoding="UTF-8"?>
<!-- Generated by org.testng.reporters.JUnitReportReporter -->
<testsuite hostname="vshl-PC" name="com.mycompany.trafficSignal.SignalControllerTest" tests="2" failures="0" timestamp="19 Jul 2015 17:00:59 GMT" time="0.064" errors="0">
  <testcase name="shouldThrowInterruptedExceptionWhileSimulating" time="0.005" classname="com.mycompany.trafficSignal.SignalControllerTest"/>
  <testcase name="shouldSimulateTheSignal" time="0.059" classname="com.mycompany.trafficSignal.SignalControllerTest"/>
</testsuite> <!-- com.mycompany.trafficSignal.SignalControllerTest -->
