<?xml version="1.0" encoding="UTF-8"?>
<!-- Generated by org.testng.reporters.JUnitReportReporter -->
<testsuite hostname="vshl-PC" name="com.mycompany.trafficSignal.SignalWorkerTest" tests="1" failures="0" timestamp="19 Jul 2015 17:00:59 GMT" time="0.013" errors="0">
  <testcase name="shouldMoveVehicle" time="0.013" classname="com.mycompany.trafficSignal.SignalWorkerTest"/>
</testsuite> <!-- com.mycompany.trafficSignal.SignalWorkerTest -->
