<?xml version="1.0" encoding="UTF-8"?>
<!-- Generated by org.testng.reporters.JUnitReportReporter -->
<testsuite hostname="vshl-PC" name="com.mycompany.trafficSignal.VehicleTest" tests="1" failures="0" timestamp="19 Jul 2015 17:00:59 GMT" time="0.000" errors="0">
  <testcase name="shouldCreateVehicleWithId" time="0.000" classname="com.mycompany.trafficSignal.VehicleTest"/>
</testsuite> <!-- com.mycompany.trafficSignal.VehicleTest -->
