<?xml version="1.0" encoding="UTF-8"?>
<!-- Generated by org.testng.reporters.JUnitReportReporter -->
<testsuite hostname="vshl-PC" name="com.mycompany.trafficSignal.TrafficProducerTest" tests="2" failures="0" timestamp="19 Jul 2015 17:00:59 GMT" time="0.522" errors="0">
  <testcase name="shouldAddVehiclesToAllDirections" time="0.511" classname="com.mycompany.trafficSignal.TrafficProducerTest"/>
  <testcase name="shouldThrowInterruptedExceptiOnAddVehicle" time="0.011" classname="com.mycompany.trafficSignal.TrafficProducerTest"/>
</testsuite> <!-- com.mycompany.trafficSignal.TrafficProducerTest -->
